TN:
SF:/home/uncleseneca/work/jest-tests/src/calculator.js
FN:2,(anonymous_0)
FN:7,(anonymous_1)
FN:12,(anonymous_2)
FN:17,(anonymous_3)
FN:18,(anonymous_4)
FN:25,(anonymous_5)
FN:26,(anonymous_6)
FNF:7
FNH:7
FNDA:2,(anonymous_0)
FNDA:2,(anonymous_1)
FNDA:4,(anonymous_2)
FNDA:4,(anonymous_3)
FNDA:8,(anonymous_4)
FNDA:3,(anonymous_5)
FNDA:5,(anonymous_6)
DA:3,2
DA:4,1
DA:8,2
DA:9,1
DA:13,4
DA:14,3
DA:18,4
DA:19,8
DA:20,1
DA:26,3
DA:27,5
DA:28,1
LF:12
LH:12
BRDA:19,0,0,1
BRDA:19,0,1,7
BRDA:27,1,0,1
BRDA:27,1,1,4
BRF:4
BRH:4
end_of_record
